1 10 20
100 200 125
201 210 89
900 1000 174
1000 900 174
210 201 89
200 100 125
10 1 20
1 1 1
999998 999999 259
1 999999 525
1102 1000 169
1653 1000 182
1782 1000 182
1157 1000 169
1923 1000 182
1504 1000 182
1319 1000 182
161 1000 179
980 1000 143
788 1000 179
1771 1000 182
825 1000 179
586 1000 179
1729 1000 182
1101 1000 169
612 1000 179
1490 1000 182
1945 1000 182
1687 1000 182
1947 1000 182
1733 1000 182
890 1000 174
164 1000 179
1473 1000 182
1074 1000 169
1725 1000 182
515 1000 179
675 1000 179
64 1000 179
1870 1000 182
797 1000 179
1086 1000 169
794 1000 179
1227 1000 182
1209 1000 182
994 1000 112
311 1000 179
926 1000 174
1226 1000 182
43 1000 179
1883 1000 182
1696 1000 182
1478 1000 182
1294 1000 182
253 1000 179
459 1000 179
1496 1000 182
868 1000 179
562 1000 179
1103 1000 169
212 1000 179
1634 1000 182
30 1000 179
968 1000 143
1905 1000 182
1871 1000 182
1718 1000 182
1512 1000 182
491 1000 179
1457 1000 182
1695 1000 182
445 1000 179
312 1000 179
1265 1000 182
458 1000 179
816 1000 179
292 1000 179
1949 1000 182
389 1000 179
659 1000 179
626 1000 179
1058 1000 169
1706 1000 182
427 1000 179
1796 1000 182
555 1000 179
571 1000 179
1026 1000 156
1508 1000 182
1898 1000 182
1365 1000 182
240 1000 179
497 1000 179
1931 1000 182
1977 1000 182
1933 1000 182
1811 1000 182
1548 1000 182
1659 1000 182
1429 1000 182
482 1000 179
685 1000 179
853 1000 179
1353 1000 182
474 1000 179
1843 1000 182
132 1000 179
1033 1000 156
526 1000 179
671 1000 179
619 1000 179
716 1000 179
1205 1000 182
856 1000 179
49 1000 179
404 1000 179
1347 1000 182
331 1000 179
41 1000 179
765 1000 179
1588 1000 182
793 1000 179
391 1000 179
1219 1000 182
1018 1000 156
1205 1000 182
1466 1000 182
169 1000 179
240 1000 179
1160 1000 169
1715 1000 182
417 1000 179
1583 1000 182
896 1000 174
51 1000 179
1561 1000 182
1149 1000 169
1029 1000 156
261 1000 179
1060 1000 169
665 1000 179
990 1000 112
1204 1000 182
1370 1000 182
1372 1000 182
10 1000 179
949 1000 143
316 1000 179
357 1000 179
28 1000 179
609 1000 179
132 1000 179
1621 1000 182
1658 1000 182
892 1000 174
1637 1000 182
1253 1000 182
1392 1000 182
1630 1000 182
1298 1000 182
605 1000 179
408 1000 179
1796 1000 182
407 1000 179
1710 1000 182
58 1000 179
589 1000 179
1012 1000 143
1372 1000 182
154 1000 179
1119 1000 169
1477 1000 182
1735 1000 182
1221 1000 182
1102 1000 169
876 1000 174
1583 1000 182
88 1000 179
716 1000 179
938 1000 143
697 1000 179
548 1000 179
1792 1000 182
910 1000 174
89 1000 179
1575 1000 182
996 1000 112
1889 1000 182
1265 1000 182
1416 1000 182
1979 1000 182
1004 1000 143
252 1000 179
1696 1000 182
1191 1000 182
1347 1000 182
742 1000 179
748 1000 179
1949 1000 182
357 1000 179
1302 1000 182
1464 1000 182
797 1000 179
1799 1000 182
665 1000 179
1168 1000 182
458 1000 179
647 1000 179
665 1000 179
650 1000 179
1107 1000 169
1266 1000 182
306 1000 179
542 1000 179
1544 1000 182
1198 1000 182
1438 1000 182
1095 1000 169
650 1000 179
423 1000 179
845 1000 179
1531 1000 182
755 1000 179
441 1000 179
770 1000 179
1888 1000 182
77 1000 179
1085 1000 169
1619 1000 182
942 1000 143
1036 1000 156
1091 1000 169
718 1000 179
1741 1000 182
132 1000 179
1943 1000 182
1625 1000 182
349 1000 179
158 1000 179
1914 1000 182
1500 1000 182
1679 1000 182
27 1000 179
1555 1000 182
1367 1000 182
1406 1000 182
1027 1000 156
962 1000 143
196 1000 179
567 1000 179
672 1000 179
671 1000 179
283 1000 179
1593 1000 182
1262 1000 182
1230 1000 182
548 1000 179
122 1000 179
1233 1000 182
1942 1000 182
1593 1000 182
580 1000 179
486 1000 179
240 1000 179
1211 1000 182
709 1000 179
1989 1000 182
610 1000 179
489 1000 179
794 1000 179
572 1000 179
1122 1000 169
1720 1000 182
88 1000 179
353 1000 179
370 1000 179
1601 1000 182
398 1000 179
1516 1000 182
1982 1000 182
1686 1000 182
669 1000 179
158 1000 179
1209 1000 182
1140 1000 169
500 1000 179
695 1000 179
1888 1000 182
1223 1000 182
63 1000 179
505 1000 179
153 1000 179
1223 1000 182
530 1000 179
504 1000 179
803 1000 179
522 1000 179
414 1000 179
694 1000 179
1710 1000 182
1434 1000 182
382 1000 179
64 1000 179
54 1000 179
1397 1000 182
322 1000 179
154 1000 179
953 1000 143
1740 1000 182
1850 1000 182
770 1000 179
614 1000 179
1426 1000 182
537 1000 179
635 1000 179
156 1000 179
567 1000 179
1566 1000 182
1957 1000 182
1142 1000 169
63 1000 179
262 1000 179
742 1000 179
1181 1000 182
512 1000 179
537 1000 179
1004 1000 143
1286 1000 182
1973 1000 182
256 1000 179
1790 1000 182
280 1000 179
1640 1000 182
1008 1000 143
1533 1000 182
1647 1000 182
1049 1000 156
1527 1000 182
1250 1000 182
499933 499974 258
499946 499945 258
499923 499965 258
499992 499999 258
499963 499997 258
499985 499983 258
499959 499965 183
499962 499952 258
499968 499926 258
499929 499979 258
499970 499962 183
499950 499951 139
499930 499985 258
499979 499949 258
499914 499995 258
499931 499928 183
499929 499953 258
500000 499977 258
499906 499917 183
499956 499973 258
499977 499980 258
499970 499933 258
499945 499926 258
499915 499902 183
499940 499945 258
499913 499917 183
499952 499964 258
499960 499908 258
499971 499907 258
499997 499976 258
499966 499974 258
499935 499903 258
499987 499982 258
499951 499989 258
499902 499956 258
499969 499976 258
499903 499933 183
499911 499950 258
499904 499970 258
499984 499944 258
499954 499918 258
499902 499972 258
499959 499910 258
499987 499929 258
499903 499914 170
499964 499934 258
499979 499970 258
499951 499983 258
499968 499916 258
499981 499960 258
499962 499960 183
499979 499926 258
499962 499908 258
499910 499930 183
499908 499904 170
499943 499910 258
499915 499911 183
499947 499918 258
499942 499928 258
499912 499916 183
499959 499998 258
499990 499907 258
499991 499948 258
499970 499935 258
499916 499965 258
499913 499982 258
499948 499933 258
499950 499962 258
499916 499956 258
499988 499981 258
499929 499992 258
499920 499942 258
499989 499985 258
499972 499956 258
499992 499911 258
499913 499971 258
499979 499938 258
499977 499944 258
499985 499930 258
499917 499933 183
499951 499948 139
499982 499968 258
499933 499922 183
499926 499940 258
499965 499945 258
499903 499906 170
499989 499939 258
499941 499977 258
499931 499961 258
500000 499980 258
499978 499943 258
499972 499967 258
499923 499998 258
499964 500000 258
499996 499989 165
499942 499971 258
499941 499995 258
499977 499977 113
499915 499966 258
499985 499921 258
499901 499943 258
499970 499937 258
499906 499900 170
499931 499957 258
499957 499979 258
499900 499946 258
499920 499929 183
499910 499982 258
499988 499962 258
499913 499999 258
499958 499978 258
499919 499951 258
499912 499947 258
499948 499936 258
499927 499986 258
499919 499932 183
499987 499933 258
499991 499910 258
499961 499974 258
499919 499971 258
499955 499932 258
499978 499978 258
499938 499919 258
499955 499958 258
499980 499943 258
499903 499958 258
499944 499909 258
499919 499921 183
499926 499981 258
499975 500000 258
499986 499940 258
499923 499904 183
499972 499961 258
499950 499930 258
499984 499993 258
499988 499948 258
499931 499984 258
499998 499965 258
499922 500000 258
499952 499992 258
499976 499949 258
499920 499915 183
499938 499976 258
499934 499953 258
499971 499933 258
499914 499931 183
500000 499982 258
499916 499927 183
499907 499979 258
499999 499994 258
499931 499962 258
499921 499957 258
499961 499964 183
499931 499926 183
499938 499966 258
499975 499908 258
499949 499993 258
499952 499960 258
499920 499906 183
499916 499986 258
499957 499936 258
499916 499973 258
499985 499975 258
499981 499950 258
499921 499967 258
499940 499996 258
499967 499969 113
499934 499917 258
500000 499915 258
499972 499901 258
499909 499997 258
499945 499988 258
499909 499924 183
499997 499955 258
499973 499905 258
499956 499959 258
499941 499998 258
499993 499973 258
499929 499959 258
499959 499950 258
499903 499990 258
499950 499924 258
499952 499904 258
499903 499949 258
499930 500000 258
499991 499953 258
499987 499926 258
499929 499988 258
499905 499990 258
499919 499944 258
499976 499953 258
499930 499928 183
499914 499941 258
499972 499912 258
499940 499909 258
499960 499927 258
499976 499925 258
499983 500000 258
499976 499930 258
499983 499948 258
499998 499975 258
499975 499941 258
499965 499956 258
499962 499982 258
499931 499963 258
499963 499921 258
499967 499919 258
499921 499914 183
500000 499932 258
499917 499971 258
499925 499990 258
499942 499916 258
499935 499943 258
499978 499940 258
499988 499960 258
499989 499982 258
499974 499971 258
499964 499944 258
499930 499961 258
499901 499951 258
499986 499952 258
499936 499907 258
499961 499967 183
499947 499966 258
499995 499940 258
499913 499960 258
499930 499902 183
499981 499902 258
499996 499944 258
499969 499945 258
499939 499915 258
499925 499977 258
499949 499922 258
499947 499910 258
499991 499965 258
499976 499965 258
499973 499972 258
499985 499942 258
499963 499941 258
499972 499991 258
499967 499979 258
499992 499906 258
499913 499965 258
499944 499966 258
499933 499904 183
499935 499936 258
499901 499960 258
499952 499985 258
499982 499955 258
499934 499919 258
499983 500000 258
499924 499986 258
499959 499985 258
499931 499965 258
499904 499997 258
499932 499994 258
499982 499910 258
500000 499982 258
499936 499991 258
499926 499986 258
499943 499918 258
499996 499927 258
499953 499921 258
499934 499940 258
499950 499937 258
499996 499922 258
499968 499953 258
499974 499959 258
499924 499984 258
499940 499946 258
499970 499924 258
499997 499903 258
499949 499962 258
499961 499943 258
499931 499952 258
499978 499911 258
499959 499989 258
499935 499929 258
499949 499933 258
499962 499997 258
499945 499989 258
499996 499955 258
499931 499932 183
499952 499973 258
499930 499991 258
499928 499989 258
499910 499941 258
499930 499910 183
499935 499979 258
499947 499931 258
499957 499975 258
499989 499997 165
499900 499903 139
499958 499979 258
499985 499991 258
499980 499996 258
499957 499984 258
499976 499949 258
499908 499980 258
499991 499980 258
499935 499915 258
499986 499961 258
499910 499939 258
499921 499908 183
499935 499987 258
499907 499988 258
499967 499967 113
499951 499992 258
499982 499943 258
499936 499949 258
499927 499931 183
499995 499950 258
499946 499953 258
499990 499942 258
499930 499935 258
499917 499987 258
499992 499949 258
499993 499949 258
499949 499960 258
499997 499914 258
499963 499969 183
499921 499991 258
499927 499914 183
499932 499997 258
499944 499927 258
499967 499900 258
499953 499967 258
499926 499981 258
499959 499920 258
499970 499934 258
999627 999605 259
999337 999477 277
999672 999756 259
999935 999765 259
999896 999550 290
999546 999732 290
999696 999926 259
999904 999805 259
999819 999662 290
999731 999388 290
999823 999696 259
999570 999592 290
999766 999342 290
999532 999493 259
999949 999571 290
999566 999899 290
999480 999470 290
999454 999386 277
999671 999389 290
999585 999967 290
999513 999606 290
999651 999730 290
999923 999897 259
999354 999504 290
999992 999725 259
999376 999520 290
999337 999874 290
999770 999913 259
999517 999771 290
999900 999743 259
999408 999805 290
999812 999801 259
999864 999794 259
999499 999878 290
999647 999447 290
999676 999732 259
999379 999727 290
999619 999413 290
999362 999966 290
999655 999971 290
999768 999787 259
999393 999845 290
999680 999789 259
999713 999541 290
999398 999944 290
999354 999475 277
999577 999343 290
999942 999376 290
999602 999800 290
999530 999748 290
999944 999609 290
999433 999875 290
999467 999901 290
999688 999827 259
999504 999702 290
999638 999449 290
999699 999520 290
999713 999907 259
999486 999699 290
999859 999707 259
999359 999424 277
999969 999756 259
999792 999857 259
999852 999467 290
999864 999814 259
999430 999839 290
999761 999716 259
999825 999474 290
999390 999634 290
999540 999754 290
999568 999480 290
999932 999669 259
999599 999969 290
999944 999333 290
999665 999757 290
999854 999993 259
999929 999394 290
999687 999509 290
999377 999362 259
999878 999401 290
999404 999872 290
999512 999346 290
999831 999524 290
999431 999875 290
999910 999382 290
999547 999554 184
999754 999406 290
999588 999737 290
999455 999893 290
999756 999911 259
999911 999891 259
999818 999911 259
999438 999849 290
999845 999981 259
999396 999937 290
999554 999708 290
999905 999726 259
999351 999443 277
999521 999590 290
999988 999874 259
999490 999899 290
999337 999566 290
999423 999365 277
999478 999950 290
999736 999339 290
999596 999646 290
999479 999571 290
999407 999521 290
999706 999487 290
999406 999957 290
999687 999422 290
999453 999800 290
999846 999451 290
999718 999572 290
999944 999399 290
999350 999353 184
999898 999765 259
999975 999384 290
999588 999787 290
999764 999464 290
999831 999724 259
999597 999778 290
999949 999794 259
999515 999708 290
999683 999384 290
999908 999856 259
999465 999770 290
999745 999843 259
999638 999601 259
999697 999574 290
999544 999834 290
999639 999351 290
999465 999903 290
999470 999971 290
999751 999883 259
999465 999579 290
999628 999651 259
999669 999430 290
999357 999609 290
999340 999588 290
999389 999470 277
999617 999668 290
999894 999616 290
999950 999414 290
999632 999905 290
999364 999985 290
999452 999432 215
999502 999399 290
999633 999385 290
999412 999506 290
999945 999650 290
999611 999516 290
999957 999333 290
999863 999634 290
999872 999707 259
999995 999655 290
999489 999709 290
999897 999338 290
999469 999758 290
999972 999972 114
999650 999912 290
999674 999349 290
999460 999637 290
999551 999847 290
999716 999623 290
999645 999598 290
999440 999478 290
999444 999570 290
999659 999903 290
999754 999446 290
999860 999944 259
999694 999640 290
999374 999530 290
999551 999406 290
999831 999368 290
999420 999375 277
999741 999670 259
999829 999800 259
999340 999369 259
999706 999552 290
999770 999563 290
999597 999354 290
999433 999879 290
999918 999943 259
999356 999835 290
999537 999782 290
999415 999366 277
999631 999393 290
999367 999837 290
999499 999682 290
999790 999724 259
999822 999390 290
999648 999781 290
999341 999734 290
999526 999597 290
999746 999592 290
999605 999540 290
999681 999519 290
999661 999521 290
999495 999365 290
999973 999862 259
999434 999945 290
999440 999870 290
999588 999650 290
999871 999359 290
999657 999468 290
999808 999645 290
999976 999355 290
999453 999783 290
999808 999998 259
999698 999960 259
999849 999669 259
999367 999722 290
999997 999973 259
999891 999847 259
999988 999338 290
999697 999624 290
999743 999344 290
999379 999694 290
999903 999383 290
999357 999337 259
999595 999827 290
999506 999517 259
999514 999988 290
999776 999903 259
999517 999459 290
999552 999842 290
999631 999339 290
999420 999952 290
999903 999455 290
999352 999949 290
999417 999436 259
999877 999690 259
999767 999750 259
999436 999977 290
999856 999781 259
999484 999369 290
999445 999760 290
999471 999684 290
999769 999484 290
999800 999397 290
999671 999403 290
999958 999402 290
999737 999724 259
999509 999759 290
999344 999889 290
999810 999368 290
999421 999600 290
999855 999435 290
999465 999816 290
999563 999654 290
999916 999829 259
999676 999987 259
999477 999547 290
999606 999898 290
999987 999859 259
999837 999818 184
999788 999946 259
999348 999988 290
999681 999660 290
999710 999423 290
999623 999666 290
999601 999535 290
999934 999764 259
999765 999527 290
999376 999431 277
999878 999617 290
999984 999356 290
999605 999658 259
999841 999748 259
999368 999853 290
999957 999733 259
999969 999684 259
999638 999898 290
999661 999784 290
999875 999395 290
999722 999749 259
999901 999731 259
999997 999553 290
999836 999694 259
999565 999662 290
999713 999358 290
999485 999800 290
999606 999932 290
999423 999561 290
999797 999946 259
999543 999827 290
999873 999603 290
999966 999858 259
999715 999652 290
999381 999785 290
999742 999643 290
999656 999781 290
999437 999829 290
999612 999387 290
999790 999415 290
999816 999388 290
999549 999852 290
999852 999465 290
999407 999987 290
999599 999400 290
999677 999708 259
999436 999464 259
999831 999701 259
999916 999481 290
999536 999778 290
999636 999782 290
999625 999907 290
999434 999790 290
999598 999838 290
999423 999517 290
999381 999432 277
999980 999839 259
999603 999574 290
999368 999885 290
999471 999677 290
999737 999385 290
999405 999826 290
999968 999638 290
999789 999896 259
999931 999445 290
999743 999988 259
999561 999818 290
999519 999757 290
999969 999845 259
999685 999810 259
999842 999709 259
999459 999903 290
999358 999775 290
999503 999459 290
